{"name": "test_registration", "status": "broken", "statusDetails": {"message": "selenium.common.exceptions.NoSuchElementException: Message: Could not locate element with visible text: may; For documentation on this error, please visit: https://www.selenium.dev/documentation/webdriver/troubleshooting/errors#no-such-element-exception", "trace": "browser = <selenium.webdriver.chrome.webdriver.WebDriver (session=\"ce4c7d2c4ab176320fa2341f7d856d95\")>\n\n    def test_registration(browser):\n        browser.find_element(By.XPATH,\"//a[normalize-space()='Register']\").click()\n        browser.find_element(By.ID, \"gender-male\").click()\n        browser.find_element(By.ID, \"FirstName\").send_keys(\"John\")\n        browser.find_element(By.ID, \"LastName\").send_keys(\"Doe\")\n        date=Select(browser.find_element(By.XPATH,\"//select[@name='DateOfBirthDay']\"))\n        date.select_by_value(\"27\")\n        month=Select(browser.find_element(By.XPATH,\"//select[@name='DateOfBirthMonth']\"))\n>       month.select_by_visible_text(\"may\")\n\ntest_resgistration.py:29: \n_ _ _ _ _ _ _ _ _ _ _ _ _ _ _ _ _ _ _ _ _ _ _ _ _ _ _ _ _ _ _ _ _ _ _\n\nself = <selenium.webdriver.support.select.Select object at 0x000001984A897850>\ntext = 'may'\n\n    def select_by_visible_text(self, text: str) -> None:\n        \"\"\"Select all options that display text matching the argument. That is,\n        when given \"Bar\" this would select an option like:\n    \n         <option value=\"foo\">Bar</option>\n    \n        :Args:\n         - text - The visible text to match against\n    \n         throws NoSuchElementException If there is no option with specified text in SELECT\n        \"\"\"\n        xpath = f\".//option[normalize-space(.) = {self._escape_string(text)}]\"\n        opts = self._el.find_elements(By.XPATH, xpath)\n        matched = False\n        for opt in opts:\n            self._set_selected(opt)\n            if not self.is_multiple:\n                return\n            matched = True\n    \n        if len(opts) == 0 and \" \" in text:\n            sub_string_without_space = self._get_longest_token(text)\n            if sub_string_without_space == \"\":\n                candidates = self.options\n            else:\n                xpath = f\".//option[contains(.,{self._escape_string(sub_string_without_space)})]\"\n                candidates = self._el.find_elements(By.XPATH, xpath)\n            for candidate in candidates:\n                if text == candidate.text:\n                    self._set_selected(candidate)\n                    if not self.is_multiple:\n                        return\n                    matched = True\n    \n        if not matched:\n>           raise NoSuchElementException(f\"Could not locate element with visible text: {text}\")\nE           selenium.common.exceptions.NoSuchElementException: Message: Could not locate element with visible text: may; For documentation on this error, please visit: https://www.selenium.dev/documentation/webdriver/troubleshooting/errors#no-such-element-exception\n\n..\\.venv\\Lib\\site-packages\\selenium\\webdriver\\support\\select.py:137: NoSuchElementException"}, "start": 1716692857982, "stop": 1716692858904, "uuid": "ab3b3a59-1675-4c9e-97be-e96f54876bb6", "historyId": "80886add2ac2d4db7cfd0fadc0655a5f", "testCaseId": "80886add2ac2d4db7cfd0fadc0655a5f", "fullName": "test_resgistration#test_registration", "labels": [{"name": "suite", "value": "test_resgistration"}, {"name": "host", "value": "Deepak"}, {"name": "thread", "value": "11304-MainThread"}, {"name": "framework", "value": "pytest"}, {"name": "language", "value": "cpython3"}, {"name": "package", "value": "test_resgistration"}]}